<?xml version="1.0" encoding="UTF-8"?>
<!-- Generated by org.testng.reporters.JUnitReportReporter -->
<testsuite hostname="INBOOK_X2_PLUS" failures="0" tests="1" name="com.exm.GoogleSearchTest" time="24.222" errors="0" timestamp="2025-04-13T20:17:48 IST" skipped="0">
  <testcase classname="com.exm.GoogleSearchTest" name="testGoogleSearch" time="24.222"/>
</testsuite> <!-- com.exm.GoogleSearchTest -->
